<?xml version="1.0" encoding="UTF-8"?>
<testng-results skipped="0" failed="0" total="1" passed="1">
  <reporter-output>
  </reporter-output>
  <suite name="Suite" duration-ms="16" started-at="2017-06-21T12:59:39Z" finished-at="2017-06-21T12:59:39Z">
    <groups>
    </groups>
    <test name="Test" duration-ms="16" started-at="2017-06-21T12:59:39Z" finished-at="2017-06-21T12:59:39Z">
      <class name="sample.TestngTest.cmd">
        <test-method status="PASS" signature="runcmd()[pri:0, instance:sample.TestngTest.cmd@6f79caec]" name="runcmd" duration-ms="16" started-at="2017-06-21T18:29:39Z" finished-at="2017-06-21T18:29:39Z">
          <reporter-output>
          </reporter-output>
        </test-method> <!-- runcmd -->
      </class> <!-- sample.TestngTest.cmd -->
    </test> <!-- Test -->
  </suite> <!-- Suite -->
</testng-results>
